# JRE version: OpenJDK Runtime Environment (11.0.13) (build 11.0.13+0-b1751.21-8125866)
# Java VM: OpenJDK 64-Bit Server VM (11.0.13+0-b1751.21-8125866, mixed mode, tiered, compressed oops, g1 gc, windows-amd64)
Heap:
 garbage-first heap   total 262144K, used 109700K [0x0000000080000000, 0x0000000100000000)
  region size 1024K, 19 young (19456K), 12 survivors (12288K)
 Metaspace       used 96819K, capacity 99405K, committed 99536K, reserved 1134592K
  class space    used 12513K, capacity 13483K, committed 13568K, reserved 1048576K
GC Heap History (20 events):
Event: 31.099 GC heap before
{Heap before GC invocations=8 (full 0):
 garbage-first heap   total 262144K, used 141519K [0x0000000080000000, 0x0000000100000000)
  region size 1024K, 121 young (123904K), 8 survivors (8192K)
 Metaspace       used 44785K, capacity 45891K, committed 46032K, reserved 1089536K
  class space    used 5649K, capacity 6040K, committed 6144K, reserved 1048576K
}
Event: 31.112 GC heap after
{Heap after GC invocations=9 (full 0):
 garbage-first heap   total 262144K, used 29764K [0x0000000080000000, 0x0000000100000000)
  region size 1024K, 15 young (15360K), 15 survivors (15360K)
 Metaspace       used 44785K, capacity 45891K, committed 46032K, reserved 1089536K
  class space    used 5649K, capacity 6040K, committed 6144K, reserved 1048576K
}
Event: 46.356 GC heap before
{Heap before GC invocations=9 (full 0):
 garbage-first heap   total 262144K, used 169028K [0x0000000080000000, 0x0000000100000000)
  region size 1024K, 142 young (145408K), 15 survivors (15360K)
 Metaspace       used 51759K, capacity 53198K, committed 53456K, reserved 1095680K
  class space    used 6531K, capacity 7055K, committed 7168K, reserved 1048576K
}
Event: 46.375 GC heap after
{Heap after GC invocations=10 (full 0):
 garbage-first heap   total 262144K, used 50922K [0x0000000080000000, 0x0000000100000000)
  region size 1024K, 18 young (18432K), 18 survivors (18432K)
 Metaspace       used 51759K, capacity 53198K, committed 53456K, reserved 1095680K
  class space    used 6531K, capacity 7055K, committed 7168K, reserved 1048576K
}
Event: 47.249 GC heap before
{Heap before GC invocations=10 (full 0):
 garbage-first heap   total 262144K, used 90858K [0x0000000080000000, 0x0000000100000000)
  region size 1024K, 58 young (59392K), 18 survivors (18432K)
 Metaspace       used 58934K, capacity 60395K, committed 60508K, reserved 1101824K
  class space    used 7379K, capacity 7957K, committed 8064K, reserved 1048576K
}
Event: 47.270 GC heap after
{Heap after GC invocations=11 (full 0):
 garbage-first heap   total 262144K, used 54624K [0x0000000080000000, 0x0000000100000000)
  region size 1024K, 4 young (4096K), 4 survivors (4096K)
 Metaspace       used 58934K, capacity 60395K, committed 60508K, reserved 1101824K
  class space    used 7379K, capacity 7957K, committed 8064K, reserved 1048576K
}
Event: 48.823 GC heap before
{Heap before GC invocations=12 (full 0):
 garbage-first heap   total 262144K, used 163168K [0x0000000080000000, 0x0000000100000000)
  region size 1024K, 103 young (105472K), 4 survivors (4096K)
 Metaspace       used 66996K, capacity 68640K, committed 68944K, reserved 1110016K
  class space    used 8391K, capacity 9006K, committed 9088K, reserved 1048576K
}
Event: 48.833 GC heap after
{Heap after GC invocations=13 (full 0):
 garbage-first heap   total 262144K, used 60658K [0x0000000080000000, 0x0000000100000000)
  region size 1024K, 10 young (10240K), 10 survivors (10240K)
 Metaspace       used 66996K, capacity 68640K, committed 68944K, reserved 1110016K
  class space    used 8391K, capacity 9006K, committed 9088K, reserved 1048576K
}
Event: 50.640 GC heap before
{Heap before GC invocations=14 (full 0):
 garbage-first heap   total 262144K, used 166130K [0x0000000080000000, 0x0000000100000000)
  region size 1024K, 113 young (115712K), 10 survivors (10240K)
 Metaspace       used 73851K, capacity 75518K, committed 75600K, reserved 1114112K
  class space    used 9431K, capacity 10030K, committed 10112K, reserved 1048576K
}
Event: 50.651 GC heap after
{Heap after GC invocations=15 (full 0):
 garbage-first heap   total 262144K, used 67877K [0x0000000080000000, 0x0000000100000000)
  region size 1024K, 15 young (15360K), 15 survivors (15360K)
 Metaspace       used 73851K, capacity 75518K, committed 75600K, reserved 1114112K
  class space    used 9431K, capacity 10030K, committed 10112K, reserved 1048576K
}
Event: 52.559 GC heap before
{Heap before GC invocations=15 (full 0):
 garbage-first heap   total 262144K, used 176421K [0x0000000080000000, 0x0000000100000000)
  region size 1024K, 121 young (123904K), 15 survivors (15360K)
 Metaspace       used 82805K, capacity 84622K, committed 84816K, reserved 1122304K
  class space    used 10672K, capacity 11325K, committed 11392K, reserved 1048576K
}
Event: 52.573 GC heap after
{Heap after GC invocations=16 (full 0):
 garbage-first heap   total 262144K, used 74752K [0x0000000080000000, 0x0000000100000000)
  region size 1024K, 14 young (14336K), 14 survivors (14336K)
 Metaspace       used 82805K, capacity 84622K, committed 84816K, reserved 1122304K
  class space    used 10672K, capacity 11325K, committed 11392K, reserved 1048576K
}
Event: 57.816 GC heap before
{Heap before GC invocations=16 (full 0):
 garbage-first heap   total 262144K, used 184320K [0x0000000080000000, 0x0000000100000000)
  region size 1024K, 122 young (124928K), 14 survivors (14336K)
 Metaspace       used 86733K, capacity 88955K, committed 89168K, reserved 1126400K
  class space    used 11239K, capacity 12052K, committed 12160K, reserved 1048576K
}
Event: 57.831 GC heap after
{Heap after GC invocations=17 (full 0):
 garbage-first heap   total 262144K, used 83968K [0x0000000080000000, 0x0000000100000000)
  region size 1024K, 16 young (16384K), 16 survivors (16384K)
 Metaspace       used 86733K, capacity 88955K, committed 89168K, reserved 1126400K
  class space    used 11239K, capacity 12052K, committed 12160K, reserved 1048576K
}
Event: 60.572 GC heap before
{Heap before GC invocations=17 (full 0):
 garbage-first heap   total 262144K, used 190464K [0x0000000080000000, 0x0000000100000000)
  region size 1024K, 121 young (123904K), 16 survivors (16384K)
 Metaspace       used 87872K, capacity 90164K, committed 90320K, reserved 1128448K
  class space    used 11342K, capacity 12177K, committed 12288K, reserved 1048576K
}
Event: 60.589 GC heap after
{Heap after GC invocations=18 (full 0):
 garbage-first heap   total 262144K, used 91886K [0x0000000080000000, 0x0000000100000000)
  region size 1024K, 10 young (10240K), 10 survivors (10240K)
 Metaspace       used 87872K, capacity 90164K, committed 90320K, reserved 1128448K
  class space    used 11342K, capacity 12177K, committed 12288K, reserved 1048576K
}
Event: 64.136 GC heap before
{Heap before GC invocations=18 (full 0):
 garbage-first heap   total 262144K, used 196334K [0x0000000080000000, 0x0000000100000000)
  region size 1024K, 112 young (114688K), 10 survivors (10240K)
 Metaspace       used 93736K, capacity 96105K, committed 96208K, reserved 1132544K
  class space    used 12065K, capacity 12960K, committed 13056K, reserved 1048576K
}
Event: 64.148 GC heap after
{Heap after GC invocations=19 (full 0):
 garbage-first heap   total 262144K, used 98367K [0x0000000080000000, 0x0000000100000000)
  region size 1024K, 7 young (7168K), 7 survivors (7168K)
 Metaspace       used 93736K, capacity 96105K, committed 96208K, reserved 1132544K
  class space    used 12065K, capacity 12960K, committed 13056K, reserved 1048576K
}
Event: 82.268 GC heap before
{Heap before GC invocations=19 (full 0):
 garbage-first heap   total 262144K, used 200767K [0x0000000080000000, 0x0000000100000000)
  region size 1024K, 108 young (110592K), 7 survivors (7168K)
 Metaspace       used 96275K, capacity 98760K, committed 98896K, reserved 1134592K
  class space    used 12424K, capacity 13347K, committed 13440K, reserved 1048576K
}
Event: 82.281 GC heap after
{Heap after GC invocations=20 (full 0):
 garbage-first heap   total 262144K, used 103556K [0x0000000080000000, 0x0000000100000000)
  region size 1024K, 12 young (12288K), 12 survivors (12288K)
 Metaspace       used 96275K, capacity 98760K, committed 98896K, reserved 1134592K
  class space    used 12424K, capacity 13347K, committed 13440K, reserved 1048576K
}

